app/proguard-rules.pro
# Add project specific ProGuard rules here.
# You can control the set of applied configuration files using the
# proguardFiles setting in build.gradle.
#
# For more details, see
#   http://developer.android.com/guide/developing/tools/proguard.html

# If your project uses WebView with JS, uncomment the following
# and specify the fully qualified class name to the JavaScript interface
# class:
#-keepclassmembers class fqcn.of.javascript.interface.for.webview {
#   public *;
#}

# Uncomment this to preserve the line number information for
# debugging stack traces.
#-keepattributes SourceFile,LineNumberTable

# If you keep the line number information, uncomment this to
# hide the original source file name.
#-renamesourcefileattribute SourceFile
-keep @androidx.annotation.Keep class *
-keep @androidx.annotation.Keep class $
-keepclassmembers class * {
@androidx.annotation.Keep *;
}

-keep class android.support.v7.widget.RoundRectDrawable { *; }
-keep public class android.support.v7.widget.** { *; }
-keep public class android.support.v7.internal.widget.** { *; }
-keep public class android.support.v7.internal.view.menu.** { *; }

-keep public class android.arch.lifecycle.ProcessLifecycleOwnerInitializer { *; }


-keepattributes *Annotation*

-dontwarn android.support.design.**
-keep class android.support.design.** { *; }
-keep interface android.support.design.** { *; }
-keep public class android.support.design.R$* { *; }
-keep class com.lifeshare.model.** { *; }
-keep class com.lifeshare.network.** { *; }
-ignorewarnings

-keep class * implements android.os.Parcelable {
  public static final android.os.Parcelable$Creator *;
}

# Retrofit 1.X

-keep class com.squareup.okhttp.** { *; }
-keep class retrofit.** { *; }
-keep interface com.squareup.okhttp.** { *; }

-dontwarn com.squareup.okhttp.**
-dontwarn okio.**
-dontwarn retrofit.**
-dontwarn com.squareup.**
-dontwarn rx.**

-keepclasseswithmembers class * {
    @retrofit.http.* <methods>;
}

# OkHttp
-keepattributes Signature
-keepattributes *Annotation*
-keep class okhttp3.** { *; }
-keep interface okhttp3.** { *; }
-dontwarn okhttp3.**

# Retrofit 2.X

-dontwarn retrofit2.**
-keep class retrofit2.** { *; }
-keepattributes Exceptions
-keepattributes Signature
-keepclasseswithmembers class * {
    @retrofit2.http.* <methods>;
}
-dontwarn okhttp3.**
-dontwarn okio.**
-dontwarn javax.annotation.**

#Remove Logs
-assumenosideeffects class android.util.Log {
  public static *** v(...);
  public static *** d(...);
  public static *** i(...);
  public static *** w(...);
  public static *** e(...);
}
-dontwarn javax.annotation.**


-keep public class * implements com.bumptech.glide.module.GlideModule
-keep public class * extends com.bumptech.glide.module.AppGlideModule
-keep public enum com.bumptech.glide.load.ImageHeaderParser$** {
  **[] $VALUES;
  public *;
}


-keep class tvi.webrtc.** { *; }
-keep class com.twilio.video.** { *; }
-keep class com.twilio.common.** { *; }
-keep class com.twilio.voice.** { *; }
-keepattributes InnerClasses


-keep class com.firebase.** { *; }
-keep class org.apache.** { *; }
-keepnames class com.shaded.fasterxml.** { *; }
-keepnames class com.fasterxml.jackson.** { *; }
-keepnames class javax.servlet.** { *; }
-keepnames class org.ietf.jgss.** { *; }
-dontwarn org.apache.**
-dontwarn org.w3c.dom.**

-keep class kotlin.** { *; }
-keep class kotlin.Metadata { *; }
-dontwarn kotlin.**
-keepclassmembers class **$WhenMappings {
    <fields>;
}
-keepclassmembers class kotlin.Metadata {
    public <methods>;
}
-assumenosideeffects class kotlin.jvm.internal.Intrinsics {
    static void checkParameterIsNotNull(java.lang.Object, java.lang.String);
}