app/build/intermediates/proguard-rules/Live/release/aapt_rules.txt
# Referenced at merged_manifests\LiveRelease\AndroidManifest.xml:42
-keep class androidx.core.app.CoreComponentFactory { <init>(); }
# Referenced at merged_manifests\LiveRelease\AndroidManifest.xml:133
-keep class androidx.core.content.FileProvider { <init>(); }
# Referenced at merged_manifests\LiveRelease\AndroidManifest.xml:227
-keep class com.google.android.gms.common.api.GoogleApiActivity { <init>(); }
# Referenced at merged_manifests\LiveRelease\AndroidManifest.xml:179
-keep class com.google.android.gms.measurement.AppMeasurementInstallReferrerReceiver { <init>(); }
# Referenced at merged_manifests\LiveRelease\AndroidManifest.xml:193
-keep class com.google.android.gms.measurement.AppMeasurementJobService { <init>(); }
# Referenced at merged_manifests\LiveRelease\AndroidManifest.xml:174
-keep class com.google.android.gms.measurement.AppMeasurementReceiver { <init>(); }
# Referenced at merged_manifests\LiveRelease\AndroidManifest.xml:189
-keep class com.google.android.gms.measurement.AppMeasurementService { <init>(); }
# Referenced at merged_manifests\LiveRelease\AndroidManifest.xml:165
-keep class com.google.firebase.components.ComponentDiscoveryService { <init>(); }
# Referenced at merged_manifests\LiveRelease\AndroidManifest.xml:199
-keep class com.google.firebase.iid.FirebaseInstanceIdReceiver { <init>(); }
# Referenced at merged_manifests\LiveRelease\AndroidManifest.xml:213
-keep class com.google.firebase.iid.FirebaseInstanceIdService { <init>(); }
# Referenced at merged_manifests\LiveRelease\AndroidManifest.xml:158
-keep class com.google.firebase.messaging.FirebaseMessagingService { <init>(); }
# Referenced at merged_manifests\LiveRelease\AndroidManifest.xml:221
-keep class com.google.firebase.provider.FirebaseInitProvider { <init>(); }
# Referenced at merged_manifests\LiveRelease\AndroidManifest.xml:235
-keep class com.instacart.library.truetime.BootCompletedBroadcastReceiver { <init>(); }
# Referenced at merged_manifests\LiveRelease\AndroidManifest.xml:42
-keep class com.lifeshare.LifeShare { <init>(); }
# Referenced at merged_manifests\LiveRelease\AndroidManifest.xml:76
-keep class com.lifeshare.customview.bubbleview.BubblesService { <init>(); }
# Referenced at merged_manifests\LiveRelease\AndroidManifest.xml:123
-keep class com.lifeshare.fcm.MyFirebaseMessagingService { <init>(); }
# Referenced at merged_manifests\LiveRelease\AndroidManifest.xml:143
-keep class com.lifeshare.receiver.AlarmReceiver { <init>(); }
# Referenced at merged_manifests\LiveRelease\AndroidManifest.xml:71
-keep class com.lifeshare.ui.BroadcastActivityNew { <init>(); }
# Referenced at merged_manifests\LiveRelease\AndroidManifest.xml:94
-keep class com.lifeshare.ui.ChangePasswordActivity { <init>(); }
# Referenced at merged_manifests\LiveRelease\AndroidManifest.xml:90
-keep class com.lifeshare.ui.ForgotPasswordActivity { <init>(); }
# Referenced at merged_manifests\LiveRelease\AndroidManifest.xml:81
-keep class com.lifeshare.ui.LoginActivity { <init>(); }
# Referenced at merged_manifests\LiveRelease\AndroidManifest.xml:85
-keep class com.lifeshare.ui.MainActivity { <init>(); }
# Referenced at merged_manifests\LiveRelease\AndroidManifest.xml:53
-keep class com.lifeshare.ui.ProfileActivity { <init>(); }
# Referenced at merged_manifests\LiveRelease\AndroidManifest.xml:98
-keep class com.lifeshare.ui.SignUpActivity { <init>(); }
# Referenced at merged_manifests\LiveRelease\AndroidManifest.xml:62
-keep class com.lifeshare.ui.SplashActivity { <init>(); }
# Referenced at merged_manifests\LiveRelease\AndroidManifest.xml:89
-keep class com.lifeshare.ui.TermOfServicesActivity { <init>(); }
# Referenced at merged_manifests\LiveRelease\AndroidManifest.xml:106
-keep class com.lifeshare.ui.admin_user.ReportsUserListActivity { <init>(); }
# Referenced at merged_manifests\LiveRelease\AndroidManifest.xml:110
-keep class com.lifeshare.ui.admin_user.UserReportsDetailListActivity { <init>(); }
# Referenced at merged_manifests\LiveRelease\AndroidManifest.xml:114
-keep class com.lifeshare.ui.invitation.MyInvitationListActivity { <init>(); }
# Referenced at merged_manifests\LiveRelease\AndroidManifest.xml:118
-keep class com.lifeshare.ui.my_connection.AddMyConnectionListActivity { <init>(); }
# Referenced at merged_manifests\LiveRelease\AndroidManifest.xml:102
-keep class com.lifeshare.ui.my_connection.MyConnectionListActivity { <init>(); }
# Referenced at merged_manifests\LiveRelease\AndroidManifest.xml:52
-keep class com.lifeshare.ui.profile.ViewProfileActivity { <init>(); }
# Referenced at merged_manifests\LiveRelease\AndroidManifest.xml:57
-keep class com.lifeshare.ui.show_broadcast.ShowStreamActivityNew { <init>(); }
# Referenced at merged_manifests\LiveRelease\AndroidManifest.xml:149
-keep class pub.devrel.easypermissions.AppSettingsDialogHolderActivity { <init>(); }
# Referenced at res\layout\abc_alert_dialog_title_material.xml:56
# Referenced at res\layout\abc_alert_dialog_material.xml:52
# Referenced at res\layout\abc_alert_dialog_button_bar_material.xml:43
-keep class android.widget.Space { <init>(...); }

# Referenced at res\layout\abc_select_dialog_material.xml:23
-keep class androidx.appcompat.app.AlertController$RecycleListView { <init>(...); }

# Referenced at res\layout\abc_action_menu_item_layout.xml:17
-keep class androidx.appcompat.view.menu.ActionMenuItemView { <init>(...); }

# Referenced at res\layout\abc_expanded_menu_layout.xml:17
-keep class androidx.appcompat.view.menu.ExpandedMenuView { <init>(...); }

# Referenced at res\layout\abc_popup_menu_item_layout.xml:17
# Referenced at res\layout\abc_list_menu_item_layout.xml:17
# Referenced at res\layout\abc_cascading_menu_item_layout.xml:20
-keep class androidx.appcompat.view.menu.ListMenuItemView { <init>(...); }

# Referenced at res\layout\abc_screen_toolbar.xml:27
-keep class androidx.appcompat.widget.ActionBarContainer { <init>(...); }

# Referenced at res\layout\abc_screen_toolbar.xml:43
# Referenced at res\layout\abc_action_mode_bar.xml:19
-keep class androidx.appcompat.widget.ActionBarContextView { <init>(...); }

# Referenced at res\layout\abc_screen_toolbar.xml:17
-keep class androidx.appcompat.widget.ActionBarOverlayLayout { <init>(...); }

# Referenced at res\layout\abc_action_menu_layout.xml:17
-keep class androidx.appcompat.widget.ActionMenuView { <init>(...); }

# Referenced at res\layout\abc_activity_chooser_view.xml:19
-keep class androidx.appcompat.widget.ActivityChooserView$InnerLayout { <init>(...); }

# Referenced at res\layout\abc_alert_dialog_material.xml:18
-keep class androidx.appcompat.widget.AlertDialogLayout { <init>(...); }

# Referenced at res\layout\activity_view_profile.xml:182
# Referenced at res\layout\activity_term_of_services.xml:39
# Referenced at res\layout\activity_sign_up_new.xml:303
# Referenced at res\layout\activity_profile_new.xml:308
# Referenced at res\layout\activity_main_new.xml:34
# Referenced at res\layout\activity_login_new.xml:73
# Referenced at res\layout\activity_forgot_password_new.xml:39
# Referenced at res\layout\activity_change_password_new.xml:71
-keep class androidx.appcompat.widget.AppCompatButton { <init>(...); }

# Referenced at res\layout\fragment_message.xml:52
# Referenced at res\layout\dialog_objectional.xml:18
# Referenced at res\layout\activity_sign_up_new.xml:54
# Referenced at res\layout\activity_profile_new.xml:86
# Referenced at res\layout\activity_login_new.xml:23
# Referenced at res\layout\activity_forgot_password_new.xml:22
# Referenced at res\layout\activity_change_password_new.xml:22
-keep class androidx.appcompat.widget.AppCompatEditText { <init>(...); }

# Referenced at res\layout\nav_drawer_new.xml:32
# Referenced at res\layout\activity_main_new.xml:10
-keep class androidx.appcompat.widget.AppCompatImageView { <init>(...); }

# Referenced at res\layout\viewer_raw_item_new.xml:39
# Referenced at res\layout\toolbar.xml:27
# Referenced at res\layout\stream_user_raw_item_new.xml:39
# Referenced at res\layout\search_user_list_raw_item_new.xml:32
# Referenced at res\layout\report_user_raw_item_new.xml:32
# Referenced at res\layout\report_user_list.xml:27
# Referenced at res\layout\report_user_detail_raw_item.xml:31
# Referenced at res\layout\report_user_detail_list.xml:27
# Referenced at res\layout\nav_drawer_new.xml:49
# Referenced at res\layout\my_connection_raw_item_new.xml:32
# Referenced at res\layout\message_raw_item_new.xml:35
# Referenced at res\layout\invitation_list_raw_item_new.xml:39
# Referenced at res\layout\dialog_objectional.xml:9
# Referenced at res\layout\alert_dialog_program.xml:9
# Referenced at res\layout\activity_view_profile.xml:34
# Referenced at res\layout\activity_term_of_services.xml:9
# Referenced at res\layout\activity_sign_up_new.xml:28
# Referenced at res\layout\activity_show_stream_new.xml:24
# Referenced at res\layout\activity_profile_new.xml:41
# Referenced at res\layout\activity_my_connection_list_new.xml:27
# Referenced at res\layout\activity_my_connection_list.xml:18
# Referenced at res\layout\activity_main_new.xml:20
# Referenced at res\layout\activity_login_new.xml:58
# Referenced at res\layout\activity_ivitation_list_new.xml:27
# Referenced at res\layout\activity_broadcast_new.xml:68
# Referenced at res\layout\activity_add_my_connection.xml:9
-keep class androidx.appcompat.widget.AppCompatTextView { <init>(...); }

# Referenced at res\layout\abc_alert_dialog_button_bar_material.xml:26
-keep class androidx.appcompat.widget.ButtonBarLayout { <init>(...); }

# Referenced at res\layout\abc_screen_content_include.xml:19
-keep class androidx.appcompat.widget.ContentFrameLayout { <init>(...); }

# Referenced at res\layout\abc_alert_dialog_title_material.xml:45
-keep class androidx.appcompat.widget.DialogTitle { <init>(...); }

# Referenced at res\layout\abc_screen_simple_overlay_action_mode.xml:23
-keep class androidx.appcompat.widget.FitWindowsFrameLayout { <init>(...); }

# Referenced at res\layout\abc_screen_simple.xml:17
# Referenced at res\layout\abc_dialog_title_material.xml:22
-keep class androidx.appcompat.widget.FitWindowsLinearLayout { <init>(...); }

# Referenced at res\layout\abc_search_view.xml:75
-keep class androidx.appcompat.widget.SearchView$SearchAutoComplete { <init>(...); }

# Referenced at res\layout\menu_switch.xml:8
-keep class androidx.appcompat.widget.SwitchCompat { <init>(...); }

# Referenced at res\layout-v26\abc_screen_toolbar.xml:37
# Referenced at res\layout\toolbar.xml:10
# Referenced at res\layout\appbar_layout.xml:10
# Referenced at res\layout\abc_screen_toolbar.xml:36
-keep class androidx.appcompat.widget.Toolbar { <init>(...); }

# Referenced at res\layout\abc_screen_simple_overlay_action_mode.xml:32
# Referenced at res\layout\abc_screen_simple.xml:25
-keep class androidx.appcompat.widget.ViewStubCompat { <init>(...); }

# Referenced at res\layout\progress_dialog.xml:9
# Referenced at res\layout\fragment_message.xml:42
# Referenced at res\layout\bottom_sheet_dialog_single_choice.xml:9
-keep class androidx.cardview.widget.CardView { <init>(...); }

# Referenced at res\layout\design_bottom_sheet_dialog.xml:26
-keep class androidx.coordinatorlayout.widget.CoordinatorLayout { <init>(...); }

# Referenced at res\layout\nav_drawer_new.xml:23
# Referenced at res\layout\abc_alert_dialog_material.xml:41
-keep class androidx.core.widget.NestedScrollView { <init>(...); }

# Referenced at res\layout\toolbar.xml:2
# Referenced at res\layout\appbar_layout.xml:2
-keep class com.google.android.material.appbar.AppBarLayout { <init>(...); }

# Referenced at res\layout\activity_show_stream_new.xml:110
# Referenced at res\layout\activity_my_connection_list_new.xml:36
# Referenced at res\layout\activity_my_connection_list.xml:27
# Referenced at res\layout\activity_broadcast_new.xml:288
-keep class com.google.android.material.floatingactionbutton.FloatingActionButton { <init>(...); }

# Referenced at res\layout\design_bottom_navigation_item.xml:27
-keep class com.google.android.material.internal.BaselineLayout { <init>(...); }

# Referenced at res\layout\design_text_input_password_icon.xml:18
-keep class com.google.android.material.internal.CheckableImageButton { <init>(...); }

# Referenced at res\layout\design_navigation_item.xml:17
-keep class com.google.android.material.internal.NavigationMenuItemView { <init>(...); }

# Referenced at res\layout\design_navigation_menu.xml:17
-keep class com.google.android.material.internal.NavigationMenuView { <init>(...); }

# Referenced at res\layout\mtrl_layout_snackbar.xml:18
# Referenced at res\layout\design_layout_snackbar.xml:18
-keep class com.google.android.material.snackbar.Snackbar$SnackbarLayout { <init>(...); }

# Referenced at res\layout\mtrl_layout_snackbar_include.xml:18
# Referenced at res\layout\design_layout_snackbar_include.xml:18
-keep class com.google.android.material.snackbar.SnackbarContentLayout { <init>(...); }

# Referenced at res\layout\bubble_layout.xml:1
-keep class com.lifeshare.customview.bubbleview.BubbleLayout { <init>(...); }

# Referenced at res\layout\bottom_sheet_dialog_single_choice.xml:46
# Referenced at res\layout\activity_add_my_connection.xml:19
-keep class com.lifeshare.customview.recyclerview.CustomSearchView { <init>(...); }

# Referenced at res\layout\report_user_list.xml:19
# Referenced at res\layout\report_user_detail_list.xml:19
# Referenced at res\layout\fragment_message.xml:27
# Referenced at res\layout\bottom_sheet_dialog_single_choice.xml:56
# Referenced at res\layout\activity_show_stream_new.xml:53
# Referenced at res\layout\activity_my_connection_list_new.xml:19
# Referenced at res\layout\activity_my_connection_list.xml:10
# Referenced at res\layout\activity_main_new.xml:64
# Referenced at res\layout\activity_ivitation_list_new.xml:19
# Referenced at res\layout\activity_broadcast_new.xml:113
# Referenced at res\layout\activity_add_my_connection.xml:36
-keep class com.lifeshare.customview.recyclerview.FilterRecyclerView { <init>(...); }

# Referenced at res\layout\viewer_raw_item_new.xml:25
# Referenced at res\layout\stream_user_raw_item_new.xml:25
# Referenced at res\layout\search_user_list_raw_item_new.xml:17
# Referenced at res\layout\report_user_raw_item_new.xml:17
# Referenced at res\layout\report_user_detail_raw_item.xml:17
# Referenced at res\layout\nav_drawer_new.xml:42
# Referenced at res\layout\my_connection_raw_item_new.xml:17
# Referenced at res\layout\message_raw_item_new.xml:18
# Referenced at res\layout\invitation_list_raw_item_new.xml:24
# Referenced at res\layout\activity_view_profile.xml:26
# Referenced at res\layout\activity_show_stream_new.xml:36
# Referenced at res\layout\activity_profile_new.xml:34
# Referenced at res\layout\activity_broadcast_new.xml:169
-keep class de.hdodenhof.circleimageview.CircleImageView { <init>(...); }