app/build/outputs/mapping/Live/release/seeds.txt
com.lifeshare.BaseActivity: BaseActivity()
com.lifeshare.LifeShare
com.lifeshare.LifeShare: LifeShare()
com.lifeshare.R$anim: int abc_fade_in
com.lifeshare.R$anim: int abc_fade_out
com.lifeshare.R$anim: int abc_grow_fade_in_from_bottom
com.lifeshare.R$anim: int abc_popup_enter
com.lifeshare.R$anim: int abc_popup_exit
com.lifeshare.R$anim: int abc_shrink_fade_out_from_bottom
com.lifeshare.R$anim: int abc_slide_in_bottom
com.lifeshare.R$anim: int abc_slide_in_top
com.lifeshare.R$anim: int abc_slide_out_bottom
com.lifeshare.R$anim: int abc_slide_out_top
com.lifeshare.R$anim: int abc_tooltip_enter
com.lifeshare.R$anim: int abc_tooltip_exit
com.lifeshare.R$anim: int design_bottom_sheet_slide_in
com.lifeshare.R$anim: int design_bottom_sheet_slide_out
com.lifeshare.R$anim: int design_snackbar_in
com.lifeshare.R$anim: int design_snackbar_out
com.lifeshare.R$animator: int bubble_down_click_animator
com.lifeshare.R$animator: int bubble_shown_animator
com.lifeshare.R$animator: int bubble_trash_hide_animator
com.lifeshare.R$animator: int bubble_trash_hide_magnetism_animator
com.lifeshare.R$animator: int bubble_trash_shown_animator
com.lifeshare.R$animator: int bubble_trash_shown_magnetism_animator
com.lifeshare.R$animator: int bubble_up_click_animator
com.lifeshare.R$animator: int design_appbar_state_list_animator
com.lifeshare.R$animator: int design_fab_hide_motion_spec
com.lifeshare.R$animator: int design_fab_show_motion_spec
com.lifeshare.R$animator: int mtrl_btn_state_list_anim
com.lifeshare.R$animator: int mtrl_btn_unelevated_state_list_anim
com.lifeshare.R$animator: int mtrl_chip_state_list_anim
com.lifeshare.R$animator: int mtrl_fab_hide_motion_spec
com.lifeshare.R$animator: int mtrl_fab_show_motion_spec
com.lifeshare.R$animator: int mtrl_fab_transformation_sheet_collapse_spec
com.lifeshare.R$animator: int mtrl_fab_transformation_sheet_expand_spec
com.lifeshare.R$attr: int actionBarDivider
com.lifeshare.R$attr: int actionBarItemBackground
com.lifeshare.R$attr: int actionBarPopupTheme
com.lifeshare.R$attr: int actionBarSize
com.lifeshare.R$attr: int actionBarSplitStyle
com.lifeshare.R$attr: int actionBarStyle
com.lifeshare.R$attr: int actionBarTabBarStyle
com.lifeshare.R$attr: int actionBarTabStyle
com.lifeshare.R$attr: int actionBarTabTextStyle
com.lifeshare.R$attr: int actionBarTheme
com.lifeshare.R$attr: int actionBarWidgetTheme
com.lifeshare.R$attr: int actionButtonStyle
com.lifeshare.R$attr: int actionDropDownStyle
com.lifeshare.R$attr: int actionLayout
com.lifeshare.R$attr: int actionMenuTextAppearance
com.lifeshare.R$attr: int actionMenuTextColor
com.lifeshare.R$attr: int actionModeBackground
com.lifeshare.R$attr: int actionModeCloseButtonStyle
com.lifeshare.R$attr: int actionModeCloseDrawable
com.lifeshare.R$attr: int actionModeCopyDrawable
com.lifeshare.R$attr: int actionModeCutDrawable
com.lifeshare.R$attr: int actionModeFindDrawable
com.lifeshare.R$attr: int actionModePasteDrawable
com.lifeshare.R$attr: int actionModePopupWindowStyle
com.lifeshare.R$attr: int actionModeSelectAllDrawable
com.lifeshare.R$attr: int actionModeShareDrawable
com.lifeshare.R$attr: int actionModeSplitBackground
com.lifeshare.R$attr: int actionModeStyle
com.lifeshare.R$attr: int actionModeWebSearchDrawable
com.lifeshare.R$attr: int actionOverflowButtonStyle
com.lifeshare.R$attr: int actionOverflowMenuStyle
com.lifeshare.R$bool: int abc_action_bar_embed_tabs
com.lifeshare.R$bool: int abc_allow_stacked_button_bar
com.lifeshare.R$bool: int abc_config_actionMenuItemAllCaps
com.lifeshare.R$bool: int mtrl_btn_textappearance_all_caps
...
androidx.lifecycle.CompositeGeneratedAdaptersObserver
androidx.lifecycle.FullLifecycleObserverAdapter
androidx.lifecycle.Lifecycle$Event: androidx.lifecycle.Lifecycle$Event ON_CREATE
androidx.lifecycle.Lifecycle$Event: androidx.lifecycle.Lifecycle$Event ON_START
androidx.lifecycle.Lifecycle$Event: androidx.lifecycle.Lifecycle$Event ON_RESUME
androidx.lifecycle.Lifecycle$Event: androidx.lifecycle.Lifecycle$Event ON_PAUSE
androidx.lifecycle.Lifecycle$Event: androidx.lifecycle.Lifecycle$Event ON_STOP
androidx.lifecycle.Lifecycle$Event: androidx.lifecycle.Lifecycle$Event ON_DESTROY
androidx.lifecycle.Lifecycle$Event: androidx.lifecycle.Lifecycle$Event ON_ANY
androidx.lifecycle.Lifecycle$Event: androidx.lifecycle.Lifecycle$Event[] $VALUES
androidx.lifecycle.Lifecycle$Event: androidx.lifecycle.Lifecycle$Event[] values()
androidx.lifecycle.Lifecycle$Event: androidx.lifecycle.Lifecycle$Event valueOf(java.lang.String)
androidx.lifecycle.Lifecycle$State: androidx.lifecycle.Lifecycle$State[] values()
androidx.lifecycle.Lifecycle$State: androidx.lifecycle.Lifecycle$State valueOf(java.lang.String)
androidx.lifecycle.LiveData$LifecycleBoundObserver
androidx.lifecycle.ReflectiveGenericLifecycleObserver
androidx.lifecycle.SingleGeneratedAdapterObserver
androidx.lifecycle.ViewModel: ViewModel()
androidx.loader.R$attr: int alpha
androidx.loader.R$attr: int font
androidx.loader.R$attr: int fontProviderAuthority
androidx.loader.R$attr: int fontProviderCerts
androidx.loader.R$attr: int fontProviderFetchStrategy
androidx.loader.R$attr: int fontProviderFetchTimeout
androidx.loader.R$attr: int fontProviderPackage
androidx.loader.R$attr: int fontProviderQuery
androidx.loader.R$attr: int fontStyle
androidx.loader.R$attr: int fontVariationSettings
androidx.loader.R$attr: int fontWeight
androidx.loader.R$attr: int ttcIndex
androidx.loader.R$color: int notification_action_color_filter
androidx.loader.R$color: int notification_icon_bg_color
androidx.loader.R$color: int ripple_material_light
androidx.loader.R$color: int secondary_text_default_material_light
androidx.loader.R$dimen: int compat_button_inset_horizontal_material
androidx.loader.R$dimen: int compat_button_inset_vertical_material
androidx.loader.R$dimen: int compat_button_padding_horizontal_material
androidx.loader.R$dimen: int compat_button_padding_vertical_material
androidx.loader.R$dimen: int compat_control_corner_material
androidx.loader.R$dimen: int compat_notification_large_icon_max_height
androidx.loader.R$dimen: int compat_notification_large_icon_max_width
androidx.loader.R$dimen: int notification_action_icon_size
androidx.loader.R$dimen: int notification_action_text_size
androidx.loader.R$dimen: int notification_big_circle_margin
androidx.loader.R$dimen: int notification_content_margin_start
androidx.loader.R$dimen: int notification_large_icon_height
androidx.loader.R$dimen: int notification_large_icon_width
androidx.loader.R$dimen: int notification_main_column_padding_top
androidx.loader.R$dimen: int notification_media_narrow_margin
androidx.loader.R$dimen: int notification_right_icon_size
androidx.loader.R$dimen: int notification_right_side_padding_top
androidx.loader.R$dimen: int notification_small_icon_background_padding
androidx.loader.R$dimen: int notification_small_icon_size_as_large
androidx.loader.R$dimen: int notification_subtext_size
androidx.loader.R$dimen: int notification_top_pad
androidx.loader.R$dimen: int notification_top_pad_large_text