app/build/outputs/mapping/Live/release/mapping.txt
com.lifeshare.BaseActivity -> com.lifeshare.a:
    com.lifeshare.customview.CustomProgressDialog mProgressDialog -> k
    android.app.AlertDialog alertDialog -> l
    void <init>() -> <init>
    void hideKeyboard(android.app.Activity) -> a
    void onCreate(android.os.Bundle) -> onCreate
    void showLoading(java.lang.String) -> a
    void showLoading() -> l
    void hideLoading() -> m
    void playAudio(android.content.Context,java.lang.Integer) -> a
    void otherDialog(android.content.Context,java.lang.String,java.lang.String,java.lang.String,com.lifeshare.BaseActivity$DismissListenerWithStatus) -> a
    boolean isInternetAvailable() -> p
    boolean checkInternetConnection() -> n
    boolean checkInternetConnection(boolean,int) -> a
    void onInternetRetry(int) -> c
    void onUnauthorized(java.lang.Throwable) -> onUnauthorized
    void onFailed(java.lang.Throwable) -> onFailed
    void onInternetFailed() -> onInternetFailed
    void onEmptyResponse(java.lang.String) -> onEmptyResponse
    void showToast(java.lang.String) -> b
    boolean onOptionsItemSelected(android.view.MenuItem) -> onOptionsItemSelected
    void clearAllNotification() -> o
    android.app.AlertDialog access$000(com.lifeshare.BaseActivity) -> a
com.lifeshare.BaseActivity$1 -> com.lifeshare.a$1:
    com.lifeshare.BaseActivity$DismissListenerWithStatus val$mDismissListenerWithStatus -> a
    java.lang.String val$possitiveBtnName -> b
    com.lifeshare.BaseActivity this$0 -> c
    void <init>(com.lifeshare.BaseActivity,com.lifeshare.BaseActivity$DismissListenerWithStatus,java.lang.String) -> <init>
    void onClick(android.view.View) -> onClick
com.lifeshare.BaseActivity$2 -> com.lifeshare.a$2:
    com.lifeshare.BaseActivity$DismissListenerWithStatus val$mDismissListenerWithStatus -> a
    java.lang.String val$nagativeBtnName -> b
    com.lifeshare.BaseActivity this$0 -> c
    void <init>(com.lifeshare.BaseActivity,com.lifeshare.BaseActivity$DismissListenerWithStatus,java.lang.String) -> <init>
    void onClick(android.view.View) -> onClick
com.lifeshare.BaseActivity$3 -> com.lifeshare.a$3:
    com.google.android.material.snackbar.Snackbar val$snackbar -> a
    int val$uniqueNumber -> b
    com.lifeshare.BaseActivity this$0 -> c
    void <init>(com.lifeshare.BaseActivity,com.google.android.material.snackbar.Snackbar,int) -> <init>
    void onClick(android.view.View) -> onClick
com.lifeshare.BaseActivity$DismissListenerWithStatus -> com.lifeshare.a$a:
    void onDismissed(java.lang.String) -> a
com.lifeshare.LifeShare -> com.lifeshare.LifeShare:
    com.lifeshare.LifeShare INSTANCE -> a
    com.google.firebase.database.DatabaseReference databaseReference -> b
    android.content.Context mContext -> c
    void <init>() -> <init>
    com.lifeshare.LifeShare getInstance() -> a
    com.google.firebase.database.DatabaseReference getFirebaseReference() -> b
    void onCreate() -> onCreate
    void updateFcmTokenToServer() -> c
    void logout() -> d
    void clearAllNotification() -> e
com.lifeshare.LifeShare$1 -> com.lifeshare.LifeShare$1:
    com.lifeshare.LifeShare this$0 -> a
    void <init>(com.lifeshare.LifeShare) -> <init>
    void onSuccess(com.google.gson.JsonElement) -> a
    void onUnauthorized(java.lang.Throwable) -> onUnauthorized
    void onFailed(java.lang.Throwable) -> onFailed
    void onInternetFailed() -> onInternetFailed
    void onSuccess(java.lang.Object) -> onSuccess
...
com.google.android.gms.internal.firebase_database.zzce -> com.google.android.gms.internal.b.be:
    java.util.concurrent.atomic.AtomicBoolean zzho -> a
    com.google.android.gms.internal.firebase_database.zzcf zzhp -> b
    boolean zzhq -> c
    void <init>() -> <init>
    boolean zza(com.google.android.gms.internal.firebase_database.zzgz) -> a
    com.google.android.gms.internal.firebase_database.zzgx zza(com.google.android.gms.internal.firebase_database.zzgw,com.google.android.gms.internal.firebase_database.zzhh) -> a
    void zza(com.google.android.gms.internal.firebase_database.zzgx) -> a
    void zza(com.google.firebase.database.DatabaseError) -> a
    com.google.android.gms.internal.firebase_database.zzce zza(com.google.android.gms.internal.firebase_database.zzhh) -> a
    boolean zzc(com.google.android.gms.internal.firebase_database.zzce) -> a
    com.google.android.gms.internal.firebase_database.zzhh zzbe() -> a
    void zzbr() -> b
    boolean zzbs() -> c
    void zza(com.google.android.gms.internal.firebase_database.zzcf) -> a
    void zze(boolean) -> a
com.google.android.gms.internal.firebase_database.zzcf -> com.google.android.gms.internal.b.bf:
    void zzd(com.google.android.gms.internal.firebase_database.zzce) -> a
com.google.android.gms.internal.firebase_database.zzcg -> com.google.android.gms.internal.b.bg:
    void zza(java.lang.Runnable) -> a
    void restart() -> a
com.google.android.gms.internal.firebase_database.zzch -> com.google.android.gms.internal.b.bh:
    com.google.android.gms.internal.firebase_database.zzid[] zzhr -> a
    int start -> b
    int end -> c
    com.google.android.gms.internal.firebase_database.zzch zzhs -> d
    com.google.android.gms.internal.firebase_database.zzch zza(com.google.android.gms.internal.firebase_database.zzch,com.google.android.gms.internal.firebase_database.zzch) -> a
    com.google.android.gms.internal.firebase_database.zzch zzbt() -> a
    void <init>(com.google.android.gms.internal.firebase_database.zzid[]) -> <init>
    void <init>(java.util.List) -> <init>
    void <init>(java.lang.String) -> <init>
    void <init>(com.google.android.gms.internal.firebase_database.zzid[],int,int) -> <init>
    com.google.android.gms.internal.firebase_database.zzch zzh(com.google.android.gms.internal.firebase_database.zzch) -> a
    com.google.android.gms.internal.firebase_database.zzch zza(com.google.android.gms.internal.firebase_database.zzid) -> a
    java.lang.String toString() -> toString
    java.lang.String zzbu() -> b
    java.util.List zzbv() -> c
    com.google.android.gms.internal.firebase_database.zzid zzbw() -> d
    com.google.android.gms.internal.firebase_database.zzch zzbx() -> e
    com.google.android.gms.internal.firebase_database.zzch zzby() -> f
    com.google.android.gms.internal.firebase_database.zzid zzbz() -> g
    boolean isEmpty() -> h
    int size() -> i
com.google.android.gms.internal.firebase_database.zzci -> com.google.android.gms.internal.b.bi:
    int offset -> a
    com.google.android.gms.internal.firebase_database.zzch zzht -> b
    void <init>(com.google.android.gms.internal.firebase_database.zzch) -> <init>
    boolean hasNext() -> hasNext
    void remove() -> remove
    java.lang.Object next() -> next