app/build/outputs/mapping/Live/release/usage.txt
com.lifeshare.BuildConfig
com.lifeshare.Manifest
com.lifeshare.Manifest$permission
com.lifeshare.R
com.lifeshare.R$anim
com.lifeshare.R$animator
com.lifeshare.R$attr
com.lifeshare.R$bool
com.lifeshare.R$color
com.lifeshare.R$dimen
com.lifeshare.R$drawable
com.lifeshare.R$font
com.lifeshare.R$id
com.lifeshare.R$integer
com.lifeshare.R$interpolator
com.lifeshare.R$layout
com.lifeshare.R$menu
com.lifeshare.R$mipmap
com.lifeshare.R$raw
com.lifeshare.R$string
com.lifeshare.R$style
com.lifeshare.R$styleable
com.lifeshare.R$xml
com.lifeshare.customview.CustomProgressDialog:
    24:28:public CustomProgressDialog(android.content.Context)
com.lifeshare.customview.bubbleview.BubbleLayout:
    private static final int TOUCH_TIME_THRESHOLD
com.lifeshare.customview.bubbleview.BubbleTrashLayout:
    public static final int VIBRATION_DURATION_IN_MS
    17:27:public BubbleTrashLayout(android.content.Context,android.util.AttributeSet)
    17:31:public BubbleTrashLayout(android.content.Context,android.util.AttributeSet,int)
com.lifeshare.customview.bubbleview.BubblesManager:
    60:61:public void recycle()
    70:73:public void removeBubble(com.lifeshare.customview.bubbleview.BubbleLayout)
    13:13:static synthetic com.lifeshare.customview.bubbleview.OnInitializedCallback access$302(com.lifeshare.customview.bubbleview.BubblesManager,com.lifeshare.customview.bubbleview.OnInitializedCallback)
com.lifeshare.customview.bubbleview.BubblesManager$Builder:
    83:84:public com.lifeshare.customview.bubbleview.BubblesManager$Builder setInitializationCallback(com.lifeshare.customview.bubbleview.OnInitializedCallback)
com.lifeshare.customview.recyclerview.CustomSearchView:
    private int typefaceCode
    private int color
com.lifeshare.customview.recyclerview.EndlessScrollListener
com.lifeshare.customview.recyclerview.FilterableAdapter:
    139:146:public void addItemsWithFilter(java.util.ArrayList)
    155:162:public void addItem(int,java.lang.Object)
    170:173:public void addItem(java.lang.Object)
    179:188:public void removeLastItem()
    247:248:public void setEmptyErrorMsg(int)
    255:256:public void setNoSearchDataFoundMsg(int)
    259:259:public java.lang.String getFilteredString()
    263:264:public void setFilteredString(java.lang.String)
com.lifeshare.customview.recyclerview.SpacesItemDecoration
com.lifeshare.customview.recyclerview.SpacesItemDecoration$ViewType
com.lifeshare.customview.singleChoiceBottomSheet.SingleChoiceBottomSheet$Builder:
    269:270:public com.lifeshare.customview.singleChoiceBottomSheet.SingleChoiceBottomSheet$Builder setNoDataMessage(java.lang.String)
    312:313:public com.lifeshare.customview.singleChoiceBottomSheet.SingleChoiceBottomSheet$Builder setSelectedItemPos(int)
com.lifeshare.fcm.NotificationUtil:
    private static final java.lang.String TAG
    34:61:public NotificationUtil(android.content.Context,java.lang.String,java.lang.String,android.content.Intent,int,boolean)
com.lifeshare.fcm.NotificationUtil$Builder
com.lifeshare.imagepicker.ImageConst:
    33:37:public java.io.File CreateFileStructure()
    41:48:public void CheckIfDirExist(java.io.File)
com.lifeshare.imagepicker.ImagePickerFragment:
    public static final java.lang.String TAG
    private static final int ACTION_CHOOSE_IMAGE
    private static final int ACTION_CAPTURE_IMAGE
    private static final int REQUEST_GALLARY_PERM
    private static final int REQUEST_CAPTURE_PERM
    private static final java.lang.String KEY_PICKER_REQUEST_CODE
    private static final java.lang.String KEY_PICKER_TYPE
    private static final java.lang.String KEY_INITIAL_NAME
    71:77:public static com.lifeshare.imagepicker.ImagePickerFragment newInstance(int,int,java.lang.String)
...
com.google.android.gms.stats.WakeLock
com.google.android.gms.stats.WakeLock$Configuration
com.google.android.gms.stats.WakeLock$HeldLock
com.google.android.gms.stats.internal.G
com.google.android.gms.stats.internal.G$netStats
com.google.android.gms.stats.internal.G$netStats$patterns
com.google.android.gms.stats.netstats.NetstatsParserPatterns
com.google.android.gms.stats.netstats.NetstatsParserPatterns$NetstatsMatcher
com.google.android.gms.stats.zza
com.google.android.gms.stats.zzb
com.google.android.gms.stats.zzc
com.google.android.gms.tasks.CancellationToken
com.google.android.gms.tasks.CancellationTokenSource
com.google.android.gms.tasks.OnTokenCanceledListener
com.google.android.gms.tasks.R
com.google.android.gms.tasks.SuccessContinuation
com.google.android.gms.tasks.Task:
    public abstract com.google.android.gms.tasks.Task addOnSuccessListener(android.app.Activity,com.google.android.gms.tasks.OnSuccessListener)
    public abstract com.google.android.gms.tasks.Task addOnFailureListener(com.google.android.gms.tasks.OnFailureListener)
    public abstract com.google.android.gms.tasks.Task addOnFailureListener(android.app.Activity,com.google.android.gms.tasks.OnFailureListener)
    public com.google.android.gms.tasks.Task addOnCompleteListener(android.app.Activity,com.google.android.gms.tasks.OnCompleteListener)
    public com.google.android.gms.tasks.Task addOnCanceledListener(com.google.android.gms.tasks.OnCanceledListener)
    public com.google.android.gms.tasks.Task addOnCanceledListener(android.app.Activity,com.google.android.gms.tasks.OnCanceledListener)
    public com.google.android.gms.tasks.Task continueWith(com.google.android.gms.tasks.Continuation)
    public com.google.android.gms.tasks.Task continueWithTask(com.google.android.gms.tasks.Continuation)
    public com.google.android.gms.tasks.Task onSuccessTask(com.google.android.gms.tasks.SuccessContinuation)
    public com.google.android.gms.tasks.Task onSuccessTask(java.util.concurrent.Executor,com.google.android.gms.tasks.SuccessContinuation)
com.google.android.gms.tasks.TaskCompletionSource:
    public TaskCompletionSource(com.google.android.gms.tasks.CancellationToken)
    static synthetic com.google.android.gms.tasks.zzu zza(com.google.android.gms.tasks.TaskCompletionSource)
com.google.android.gms.tasks.TaskExecutors:
    private TaskExecutors()
com.google.android.gms.tasks.Tasks:
    public static com.google.android.gms.tasks.Task forCanceled()
    public static com.google.android.gms.tasks.Task call(java.util.concurrent.Callable)
    public static com.google.android.gms.tasks.Task whenAll(java.util.Collection)
    public static varargs com.google.android.gms.tasks.Task whenAll(com.google.android.gms.tasks.Task[])
    public static com.google.android.gms.tasks.Task whenAllSuccess(java.util.Collection)
    public static varargs com.google.android.gms.tasks.Task whenAllSuccess(com.google.android.gms.tasks.Task[])
    public static com.google.android.gms.tasks.Task whenAllComplete(java.util.Collection)
    public static varargs com.google.android.gms.tasks.Task whenAllComplete(com.google.android.gms.tasks.Task[])
    private Tasks()
com.google.android.gms.tasks.Tasks$zzc
com.google.android.gms.tasks.zza
com.google.android.gms.tasks.zzb
com.google.android.gms.tasks.zzc:
    public final void cancel()
com.google.android.gms.tasks.zze:
    public final void cancel()
com.google.android.gms.tasks.zzg:
    public final void cancel()
com.google.android.gms.tasks.zzi:
    public final void cancel()
com.google.android.gms.tasks.zzk:
    public final void cancel()
com.google.android.gms.tasks.zzm:
    public final void cancel()
com.google.android.gms.tasks.zzo
com.google.android.gms.tasks.zzp
com.google.android.gms.tasks.zzq:
    public abstract void cancel()
com.google.android.gms.tasks.zzs